\BOOKMARK [1][-]{section.1}{\376\377\137\025\212\000}{}% 1
\BOOKMARK [1][-]{section.2}{\376\377\127\372\147\054\133\232\116\111\116\016\166\364\211\302\164\006\211\343}{}% 2
\BOOKMARK [2][-]{subsection.2.1}{\376\377\000K\000r\000o\000n\000e\000c\000k\000e\000r\171\357\166\204\133\232\116\111}{section.2}% 3
\BOOKMARK [2][-]{subsection.2.2}{\376\377\173\200\123\125\117\213\133\120}{section.2}% 4
\BOOKMARK [2][-]{subsection.2.3}{\376\377\121\340\117\125\166\364\211\302}{section.2}% 5
\BOOKMARK [1][-]{section.3}{\376\377\127\372\147\054\140\047\215\050}{}% 6
\BOOKMARK [2][-]{subsection.3.1}{\376\377\116\343\145\160\140\047\215\050}{section.3}% 7
\BOOKMARK [1][-]{section.4}{\376\377\124\021\221\317\123\026\144\315\117\134\116\016\000K\000r\000o\000n\000e\000c\000k\000e\000r\171\357}{}% 8
\BOOKMARK [2][-]{subsection.4.1}{\376\377\124\021\221\317\123\026\144\315\117\134}{section.4}% 9
\BOOKMARK [2][-]{subsection.4.2}{\376\377\150\070\137\303\133\232\164\006\377\032\167\351\226\065\116\130\171\357\166\204\124\021\221\317\123\026}{section.4}% 10
\BOOKMARK [2][-]{subsection.4.3}{\376\377\121\154\137\017\166\204\166\364\211\302\164\006\211\343}{section.4}% 11
\BOOKMARK [1][-]{section.5}{\376\377\162\171\137\201\120\074\124\214\131\107\137\002\120\074\164\006\213\272}{}% 12
\BOOKMARK [2][-]{subsection.5.1}{\376\377\162\171\137\201\120\074\166\204\000K\000r\000o\000n\000e\000c\000k\000e\000r\171\357\140\047\215\050}{section.5}% 13
\BOOKMARK [2][-]{subsection.5.2}{\376\377\131\107\137\002\120\074\166\204\140\047\215\050}{section.5}% 14
\BOOKMARK [1][-]{section.6}{\376\377\117\052\220\006\166\204\000K\000r\000o\000n\000e\000c\000k\000e\000r\171\357\140\047\215\050}{}% 15
\BOOKMARK [2][-]{subsection.6.1}{\376\377\000M\000o\000o\000r\000e\000-\000P\000e\000n\000r\000o\000s\000e\117\052\220\006\166\204\000K\000r\000o\000n\000e\000c\000k\000e\000r\171\357\140\047\215\050}{section.6}% 16
\BOOKMARK [2][-]{subsection.6.2}{\376\377\116\072\116\300\116\110\217\331\116\052\140\047\215\050\142\020\172\313\377\037}{section.6}% 17
\BOOKMARK [1][-]{section.7}{\376\377\167\351\226\065\145\271\172\013\166\204\154\102\211\343}{}% 18
\BOOKMARK [2][-]{subsection.7.1}{\376\377\116\000\202\054\176\277\140\047\167\351\226\065\145\271\172\013}{section.7}% 19
\BOOKMARK [2][-]{subsection.7.2}{\376\377\127\050\147\000\134\017\116\214\116\130\116\055\166\204\136\224\165\050}{section.7}% 20
\BOOKMARK [1][-]{section.8}{\376\377\232\330\176\247\140\047\215\050\124\214\136\224\165\050}{}% 21
\BOOKMARK [2][-]{subsection.8.1}{\376\377\127\127\167\351\226\065\166\204\000K\000r\000o\000n\000e\000c\000k\000e\000r\171\357}{section.8}% 22
\BOOKMARK [2][-]{subsection.8.2}{\376\377\147\141\116\366\145\160\166\204\140\047\215\050}{section.8}% 23
\BOOKMARK [1][-]{section.9}{\376\377\145\160\120\074\213\241\173\227\200\003\206\121}{}% 24
\BOOKMARK [2][-]{subsection.9.1}{\376\377\133\130\120\250\124\214\213\241\173\227\131\015\147\102\140\047}{section.9}% 25
\BOOKMARK [2][-]{subsection.9.2}{\376\377\232\330\145\110\173\227\154\325}{section.9}% 26
\BOOKMARK [1][-]{section.10}{\376\377\127\050\176\337\213\241\133\146\116\055\166\204\136\224\165\050}{}% 27
\BOOKMARK [2][-]{subsection.10.1}{\376\377\131\032\121\103\176\277\140\047\152\041\127\213}{section.10}% 28
\BOOKMARK [2][-]{subsection.10.2}{\376\377\123\117\145\271\135\356\176\323\147\204\136\372\152\041}{section.10}% 29
\BOOKMARK [1][-]{section.11}{\376\377\140\073\176\323\116\016\155\361\121\145\164\006\211\343}{}% 30
\BOOKMARK [2][-]{subsection.11.1}{\376\377\000K\000r\000o\000n\000e\000c\000k\000e\000r\171\357\166\204\147\054\215\050}{section.11}% 31
\BOOKMARK [2][-]{subsection.11.2}{\376\377\116\072\116\300\116\110\000K\000r\000o\000n\000e\000c\000k\000e\000r\171\357\131\202\153\144\221\315\211\201\377\037}{section.11}% 32
\BOOKMARK [2][-]{subsection.11.3}{\376\377\133\146\116\140\136\372\213\256}{section.11}% 33
\BOOKMARK [1][-]{section.12}{\376\377\116\140\230\230\116\016\217\333\116\000\153\145\226\005\213\373}{}% 34
\BOOKMARK [2][-]{subsection.12.1}{\376\377\164\006\213\272\176\303\116\140}{section.12}% 35
\BOOKMARK [2][-]{subsection.12.2}{\376\377\145\160\120\074\133\236\232\214}{section.12}% 36
