\BOOKMARK [1][-]{section.1}{\376\377\137\025\212\000}{}% 1
\BOOKMARK [1][-]{section.2}{\376\377\176\317\121\170\147\000\134\017\116\214\116\130\164\006\213\272}{}% 2
\BOOKMARK [2][-]{subsection.2.1}{\376\377\225\356\230\230\166\204\143\320\121\372}{section.2}% 3
\BOOKMARK [2][-]{subsection.2.2}{\376\377\121\340\117\125\211\343\221\312}{section.2}% 4
\BOOKMARK [2][-]{subsection.2.3}{\376\377\153\143\211\304\145\271\172\013}{section.2}% 5
\BOOKMARK [2][-]{subsection.2.4}{\376\377\211\343\166\204\133\130\127\050\140\047\124\214\125\057\116\000\140\047}{section.2}% 6
\BOOKMARK [1][-]{section.3}{\376\377\167\351\226\065\122\006\211\343\164\006\213\272}{}% 7
\BOOKMARK [2][-]{subsection.3.1}{\376\377\131\107\137\002\120\074\122\006\211\343\000\050\000S\000V\000D\000\051}{section.3}% 8
\BOOKMARK [2][-]{subsection.3.2}{\376\377\000M\000o\000o\000r\000e\000-\000P\000e\000n\000r\000o\000s\000e\117\052\220\006}{section.3}% 9
\BOOKMARK [2][-]{subsection.3.3}{\376\377\000Q\000R\122\006\211\343}{section.3}% 10
\BOOKMARK [1][-]{section.4}{\376\377\142\225\137\161\164\006\213\272}{}% 11
\BOOKMARK [2][-]{subsection.4.1}{\376\377\153\143\116\244\142\225\137\161}{section.4}% 12
\BOOKMARK [2][-]{subsection.4.2}{\376\377\142\225\137\161\173\227\133\120\166\204\167\351\226\065\210\150\171\072}{section.4}% 13
\BOOKMARK [1][-]{section.5}{\376\377\136\177\116\111\147\000\134\017\116\214\116\130\225\356\230\230}{}% 14
\BOOKMARK [2][-]{subsection.5.1}{\376\377\176\246\147\137\147\000\134\017\116\214\116\130}{section.5}% 15
\BOOKMARK [2][-]{subsection.5.2}{\376\377\122\240\147\103\147\000\134\017\116\214\116\130}{section.5}% 16
\BOOKMARK [1][-]{section.6}{\376\377\167\351\226\065\147\000\134\017\116\214\116\130\225\356\230\230}{}% 17
\BOOKMARK [2][-]{subsection.6.1}{\376\377\000F\000r\000o\000b\000e\000n\000i\000u\000s\203\003\145\160\147\000\134\017\123\026}{section.6}% 18
\BOOKMARK [2][-]{subsection.6.2}{\376\377\131\032\221\315\176\246\147\137\166\204\167\351\226\065\225\356\230\230}{section.6}% 19
\BOOKMARK [1][-]{section.7}{\376\377\167\351\226\065\122\006\211\343\127\050\147\000\134\017\116\214\116\130\116\055\166\204\150\070\137\303\117\134\165\050}{}% 20
\BOOKMARK [2][-]{subsection.7.1}{\376\377\122\006\211\343\166\204\176\337\116\000\211\302\160\271}{section.7}% 21
\BOOKMARK [2][-]{subsection.7.2}{\376\377\126\333\116\052\127\372\147\054\133\120\172\172\225\364}{section.7}% 22
\BOOKMARK [2][-]{subsection.7.3}{\376\377\142\225\137\161\166\204\167\351\226\065\210\150\171\072}{section.7}% 23
\BOOKMARK [1][-]{section.8}{\376\377\127\050\151\202\163\207\213\272\116\055\166\204\136\224\165\050\377\032\147\141\116\366\122\006\136\003\147\204\220\040}{}% 24
\BOOKMARK [2][-]{subsection.8.1}{\376\377\232\330\145\257\122\006\136\003\166\204\176\277\140\047\176\246\147\137}{section.8}% 25
\BOOKMARK [2][-]{subsection.8.2}{\376\377\147\204\220\040\166\204\121\340\117\125\166\364\211\302}{section.8}% 26
\BOOKMARK [2][-]{subsection.8.3}{\376\377\167\351\226\065\140\305\121\265\166\204\143\250\136\177}{section.8}% 27
\BOOKMARK [1][-]{section.9}{\376\377\145\160\120\074\145\271\154\325\116\016\213\241\173\227\200\003\206\121}{}% 28
\BOOKMARK [2][-]{subsection.9.1}{\376\377\147\141\116\366\145\160\116\016\145\160\120\074\172\063\133\232\140\047}{section.9}% 29
\BOOKMARK [2][-]{subsection.9.2}{\376\377\153\143\122\031\123\026\145\271\154\325}{section.9}% 30
\BOOKMARK [1][-]{section.10}{\376\377\140\073\176\323\116\016\134\125\147\033}{}% 31
\BOOKMARK [2][-]{subsection.10.1}{\376\377\164\006\213\272\117\123\174\373\166\204\176\337\116\000\140\047}{section.10}% 32
\BOOKMARK [2][-]{subsection.10.2}{\376\377\167\351\226\065\122\006\211\343\166\204\150\070\137\303\127\060\117\115}{section.10}% 33
\BOOKMARK [2][-]{subsection.10.3}{\376\377\163\260\116\343\136\224\165\050}{section.10}% 34
